<?xml version="1.0" encoding="UTF-8"?>
<!-- Generated by org.testng.reporters.JUnitReportReporter -->
<testsuite hostname="DESKTOP-3GINJH4" failures="0" tests="1" name="baseClass.TestCase02" time="1.614" errors="0" timestamp="2022-11-20T10:46:46 EST" skipped="0">
  <testcase classname="baseClass.TestCase02" name="testcaseButtons" time="1.614"/>
  <system-out/>
</testsuite> <!-- baseClass.TestCase02 -->
